[2026-07-12T00:12:33.868+0000] {local_task_job_runner.py:123} INFO - ::group::Pre task execution logs
[2026-07-12T00:12:33.889+0000] {taskinstance.py:2614} INFO - Dependencies all met for dep_context=non-requeueable deps ti=<TaskInstance: pipeline_ecg.ingestion_raw manual__2026-07-12T00:12:33.410258+00:00 [queued]>
[2026-07-12T00:12:33.900+0000] {taskinstance.py:2614} INFO - Dependencies all met for dep_context=requeueable deps ti=<TaskInstance: pipeline_ecg.ingestion_raw manual__2026-07-12T00:12:33.410258+00:00 [queued]>
[2026-07-12T00:12:33.901+0000] {taskinstance.py:2867} INFO - Starting attempt 1 of 3
[2026-07-12T00:12:33.917+0000] {taskinstance.py:2890} INFO - Executing <Task(PythonOperator): ingestion_raw> on 2026-07-12 00:12:33.410258+00:00
[2026-07-12T00:12:33.928+0000] {standard_task_runner.py:72} INFO - Started process 223 to run task
[2026-07-12T00:12:33.933+0000] {standard_task_runner.py:104} INFO - Running: ['***', 'tasks', 'run', 'pipeline_ecg', 'ingestion_raw', 'manual__2026-07-12T00:12:33.410258+00:00', '--job-id', '12', '--raw', '--subdir', 'DAGS_FOLDER/dag_ecg.py', '--cfg-path', '/tmp/tmpfl7kefey']
[2026-07-12T00:12:33.937+0000] {standard_task_runner.py:105} INFO - Job 12: Subtask ingestion_raw
[2026-07-12T00:12:34.016+0000] {task_command.py:467} INFO - Running <TaskInstance: pipeline_ecg.ingestion_raw manual__2026-07-12T00:12:33.410258+00:00 [running]> on host 32319f5b03f4
[2026-07-12T00:12:34.158+0000] {taskinstance.py:3134} INFO - Exporting env vars: AIRFLOW_CTX_DAG_OWNER='datalake' AIRFLOW_CTX_DAG_ID='pipeline_ecg' AIRFLOW_CTX_TASK_ID='ingestion_raw' AIRFLOW_CTX_EXECUTION_DATE='2026-07-12T00:12:33.410258+00:00' AIRFLOW_CTX_TRY_NUMBER='1' AIRFLOW_CTX_DAG_RUN_ID='manual__2026-07-12T00:12:33.410258+00:00'
[2026-07-12T00:12:34.161+0000] {taskinstance.py:732} INFO - ::endgroup::
[2026-07-12T00:12:35.426+0000] {logging_mixin.py:190} INFO - [MinIO] bucket 'raw' : déjà présent.
[2026-07-12T00:12:35.432+0000] {logging_mixin.py:190} INFO - [MinIO] bucket 'staging' : déjà présent.
[2026-07-12T00:12:35.438+0000] {logging_mixin.py:190} INFO - [ingest] téléchargement de l'enregistrement '100'...
[2026-07-12T00:12:36.351+0000] {_url.py:258} INFO - GET https://physionet.org/content/mitdb/1.0.0/: 200 0-None/None
[2026-07-12T00:12:36.796+0000] {_url.py:258} INFO - HEAD https://physionet.org/content/mitdb/1.0.0/: 200 0-91142/91142
[2026-07-12T00:12:36.797+0000] {logging_mixin.py:190} INFO - Downloading files...
[2026-07-12T00:12:37.016+0000] {_url.py:258} INFO - GET https://physionet.org/files/mitdb/1.0.0/100.dat: 200 0-1950000/1950000
[2026-07-12T00:12:37.194+0000] {_url.py:258} INFO - GET https://physionet.org/files/mitdb/1.0.0/100.hea: 200 0-143/143
[2026-07-12T00:12:37.332+0000] {_url.py:258} INFO - GET https://physionet.org/files/mitdb/1.0.0/100.atr: 200 0-4558/4558
[2026-07-12T00:12:43.581+0000] {logging_mixin.py:190} INFO - Finished downloading files
[2026-07-12T00:12:43.611+0000] {logging_mixin.py:190} INFO - [MinIO] envoyé : /tmp/tmpc0qmaa2d/100.dat -> raw/ecg/100.dat
[2026-07-12T00:12:43.624+0000] {logging_mixin.py:190} INFO - [MinIO] envoyé : /tmp/tmpc0qmaa2d/100.hea -> raw/ecg/100.hea
[2026-07-12T00:12:43.637+0000] {logging_mixin.py:190} INFO - [MinIO] envoyé : /tmp/tmpc0qmaa2d/100.atr -> raw/ecg/100.atr
[2026-07-12T00:12:43.639+0000] {logging_mixin.py:190} INFO - [ingest] téléchargement de l'enregistrement '101'...
[2026-07-12T00:12:44.512+0000] {_url.py:258} INFO - GET https://physionet.org/content/mitdb/1.0.0/: 200 0-None/None
[2026-07-12T00:12:44.949+0000] {_url.py:258} INFO - HEAD https://physionet.org/content/mitdb/1.0.0/: 200 0-91142/91142
[2026-07-12T00:12:44.951+0000] {logging_mixin.py:190} INFO - Downloading files...
[2026-07-12T00:12:45.069+0000] {_url.py:258} INFO - GET https://physionet.org/files/mitdb/1.0.0/101.hea: 200 0-131/131
[2026-07-12T00:12:45.168+0000] {_url.py:258} INFO - GET https://physionet.org/files/mitdb/1.0.0/101.dat: 200 0-1950000/1950000
[2026-07-12T00:12:45.194+0000] {_url.py:258} INFO - GET https://physionet.org/files/mitdb/1.0.0/101.atr: 200 0-3768/3768
[2026-07-12T00:12:51.884+0000] {logging_mixin.py:190} INFO - Finished downloading files
[2026-07-12T00:12:51.911+0000] {logging_mixin.py:190} INFO - [MinIO] envoyé : /tmp/tmpc0qmaa2d/101.dat -> raw/ecg/101.dat
[2026-07-12T00:12:51.922+0000] {logging_mixin.py:190} INFO - [MinIO] envoyé : /tmp/tmpc0qmaa2d/101.hea -> raw/ecg/101.hea
[2026-07-12T00:12:51.934+0000] {logging_mixin.py:190} INFO - [MinIO] envoyé : /tmp/tmpc0qmaa2d/101.atr -> raw/ecg/101.atr
[2026-07-12T00:12:51.936+0000] {logging_mixin.py:190} INFO - [ingest] téléchargement de l'enregistrement '102'...
[2026-07-12T00:12:51.018+0000] {_url.py:258} INFO - GET https://physionet.org/content/mitdb/1.0.0/: 200 0-None/None
[2026-07-12T00:12:55.691+0000] {_url.py:258} INFO - HEAD https://physionet.org/content/mitdb/1.0.0/: 200 0-91142/91142
[2026-07-12T00:12:55.694+0000] {logging_mixin.py:190} INFO - Downloading files...
[2026-07-12T00:12:55.848+0000] {_url.py:258} INFO - GET https://physionet.org/files/mitdb/1.0.0/102.hea: 200 0-204/204
[2026-07-12T00:12:55.994+0000] {_url.py:258} INFO - GET https://physionet.org/files/mitdb/1.0.0/102.dat: 200 0-1950000/1950000
[2026-07-12T00:12:56.040+0000] {_url.py:258} INFO - GET https://physionet.org/files/mitdb/1.0.0/102.atr: 200 0-4424/4424
[2026-07-12T00:13:04.712+0000] {logging_mixin.py:190} INFO - Finished downloading files
[2026-07-12T00:13:04.745+0000] {logging_mixin.py:190} INFO - [MinIO] envoyé : /tmp/tmpc0qmaa2d/102.dat -> raw/ecg/102.dat
[2026-07-12T00:13:04.764+0000] {logging_mixin.py:190} INFO - [MinIO] envoyé : /tmp/tmpc0qmaa2d/102.hea -> raw/ecg/102.hea
[2026-07-12T00:13:04.782+0000] {logging_mixin.py:190} INFO - [MinIO] envoyé : /tmp/tmpc0qmaa2d/102.atr -> raw/ecg/102.atr
[2026-07-12T00:13:04.784+0000] {logging_mixin.py:190} INFO - 
[ingest] ✅ terminé : 9 fichiers déposés dans 'raw/ecg/'.
[2026-07-12T00:13:04.788+0000] {python.py:240} INFO - Done. Returned value was: None
[2026-07-12T00:13:04.812+0000] {taskinstance.py:341} INFO - ::group::Post task execution logs
[2026-07-12T00:13:04.814+0000] {taskinstance.py:353} INFO - Marking task as SUCCESS. dag_id=pipeline_ecg, task_id=ingestion_raw, run_id=manual__2026-07-12T00:12:33.410258+00:00, execution_date=20260712T001233, start_date=20260712T001233, end_date=20260712T001304
[2026-07-12T00:13:04.932+0000] {local_task_job_runner.py:266} INFO - Task exited with return code 0
[2026-07-12T00:13:04.980+0000] {taskinstance.py:3901} INFO - 1 downstream tasks scheduled from follow-on schedule check
[2026-07-12T00:13:04.984+0000] {local_task_job_runner.py:245} INFO - ::endgroup::
