[2026-07-12T10:00:00.400+0000] {local_task_job_runner.py:123} INFO - ::group::Pre task execution logs
[2026-07-12T10:00:00.417+0000] {taskinstance.py:2614} INFO - Dependencies all met for dep_context=non-requeueable deps ti=<TaskInstance: pipeline_air_quality.ingestion_api scheduled__2026-07-12T09:00:00+00:00 [queued]>
[2026-07-12T10:00:00.424+0000] {taskinstance.py:2614} INFO - Dependencies all met for dep_context=requeueable deps ti=<TaskInstance: pipeline_air_quality.ingestion_api scheduled__2026-07-12T09:00:00+00:00 [queued]>
[2026-07-12T10:00:00.426+0000] {taskinstance.py:2867} INFO - Starting attempt 1 of 4
[2026-07-12T10:00:00.436+0000] {taskinstance.py:2890} INFO - Executing <Task(PythonOperator): ingestion_api> on 2026-07-12 09:00:00+00:00
[2026-07-12T10:00:00.443+0000] {standard_task_runner.py:72} INFO - Started process 791 to run task
[2026-07-12T10:00:00.446+0000] {standard_task_runner.py:104} INFO - Running: ['***', 'tasks', 'run', 'pipeline_air_quality', 'ingestion_api', 'scheduled__2026-07-12T09:00:00+00:00', '--job-id', '26', '--raw', '--subdir', 'DAGS_FOLDER/dag_air.py', '--cfg-path', '/tmp/tmpsl0bubsd']
[2026-07-12T10:00:00.449+0000] {standard_task_runner.py:105} INFO - Job 26: Subtask ingestion_api
[2026-07-12T10:00:00.504+0000] {task_command.py:467} INFO - Running <TaskInstance: pipeline_air_quality.ingestion_api scheduled__2026-07-12T09:00:00+00:00 [running]> on host c6e73bc200f8
[2026-07-12T10:00:00.586+0000] {taskinstance.py:3134} INFO - Exporting env vars: AIRFLOW_CTX_DAG_OWNER='datalake' AIRFLOW_CTX_DAG_ID='pipeline_air_quality' AIRFLOW_CTX_TASK_ID='ingestion_api' AIRFLOW_CTX_EXECUTION_DATE='2026-07-12T09:00:00+00:00' AIRFLOW_CTX_TRY_NUMBER='1' AIRFLOW_CTX_DAG_RUN_ID='scheduled__2026-07-12T09:00:00+00:00'
[2026-07-12T10:00:00.588+0000] {taskinstance.py:732} INFO - ::endgroup::
[2026-07-12T10:00:00.904+0000] {logging_mixin.py:190} INFO - [MinIO] bucket 'raw' : déjà présent.
[2026-07-12T10:00:00.907+0000] {logging_mixin.py:190} INFO - [MinIO] bucket 'staging' : déjà présent.
[2026-07-12T10:00:00.908+0000] {logging_mixin.py:190} INFO - [air] interrogation de l'API OpenAQ (Paris, rayon 25 km)...
[2026-07-12T10:00:01.298+0000] {logging_mixin.py:190} INFO - [air] 50 capteurs récupérés.
[2026-07-12T10:00:01.319+0000] {logging_mixin.py:190} INFO - [MinIO] envoyé : /tmp/tmpzyja9plv/air.json -> raw/air/2026-07-12T10-00-01Z.json
[2026-07-12T10:00:01.320+0000] {logging_mixin.py:190} INFO - [air] instantané créé : 2026-07-12T10-00-01Z (50 capteurs)
[2026-07-12T10:00:01.321+0000] {python.py:240} INFO - Done. Returned value was: 2026-07-12T10-00-01Z
[2026-07-12T10:00:01.346+0000] {taskinstance.py:341} INFO - ::group::Post task execution logs
[2026-07-12T10:00:01.347+0000] {taskinstance.py:353} INFO - Marking task as SUCCESS. dag_id=pipeline_air_quality, task_id=ingestion_api, run_id=scheduled__2026-07-12T09:00:00+00:00, execution_date=20260712T090000, start_date=20260712T100000, end_date=20260712T100001
[2026-07-12T10:00:01.422+0000] {local_task_job_runner.py:266} INFO - Task exited with return code 0
[2026-07-12T10:00:01.447+0000] {taskinstance.py:3901} INFO - 1 downstream tasks scheduled from follow-on schedule check
[2026-07-12T10:00:01.450+0000] {local_task_job_runner.py:245} INFO - ::endgroup::
