[2026-07-12T00:04:12.053+0000] {local_task_job_runner.py:123} INFO - ::group::Pre task execution logs
[2026-07-12T00:04:12.071+0000] {taskinstance.py:2614} INFO - Dependencies all met for dep_context=non-requeueable deps ti=<TaskInstance: pipeline_air_quality.ingestion_api scheduled__2026-07-11T23:00:00+00:00 [queued]>
[2026-07-12T00:04:12.083+0000] {taskinstance.py:2614} INFO - Dependencies all met for dep_context=requeueable deps ti=<TaskInstance: pipeline_air_quality.ingestion_api scheduled__2026-07-11T23:00:00+00:00 [queued]>
[2026-07-12T00:04:12.085+0000] {taskinstance.py:2867} INFO - Starting attempt 1 of 4
[2026-07-12T00:04:12.098+0000] {taskinstance.py:2890} INFO - Executing <Task(PythonOperator): ingestion_api> on 2026-07-11 23:00:00+00:00
[2026-07-12T00:04:12.106+0000] {standard_task_runner.py:72} INFO - Started process 232 to run task
[2026-07-12T00:04:12.109+0000] {standard_task_runner.py:104} INFO - Running: ['***', 'tasks', 'run', 'pipeline_air_quality', 'ingestion_api', 'scheduled__2026-07-11T23:00:00+00:00', '--job-id', '2', '--raw', '--subdir', 'DAGS_FOLDER/dag_air.py', '--cfg-path', '/tmp/tmpnhzbrd0u']
[2026-07-12T00:04:12.113+0000] {standard_task_runner.py:105} INFO - Job 2: Subtask ingestion_api
[2026-07-12T00:04:12.218+0000] {task_command.py:467} INFO - Running <TaskInstance: pipeline_air_quality.ingestion_api scheduled__2026-07-11T23:00:00+00:00 [running]> on host 6cdb56b9ae8c
[2026-07-12T00:04:12.342+0000] {taskinstance.py:3134} INFO - Exporting env vars: AIRFLOW_CTX_DAG_OWNER='datalake' AIRFLOW_CTX_DAG_ID='pipeline_air_quality' AIRFLOW_CTX_TASK_ID='ingestion_api' AIRFLOW_CTX_EXECUTION_DATE='2026-07-11T23:00:00+00:00' AIRFLOW_CTX_TRY_NUMBER='1' AIRFLOW_CTX_DAG_RUN_ID='scheduled__2026-07-11T23:00:00+00:00'
[2026-07-12T00:04:12.344+0000] {taskinstance.py:732} INFO - ::endgroup::
[2026-07-12T00:04:12.753+0000] {logging_mixin.py:190} INFO - [MinIO] bucket 'raw' : déjà présent.
[2026-07-12T00:04:12.756+0000] {logging_mixin.py:190} INFO - [MinIO] bucket 'staging' : déjà présent.
[2026-07-12T00:04:12.757+0000] {logging_mixin.py:190} INFO - [air] interrogation de l'API OpenAQ (Paris, rayon 25 km)...
[2026-07-12T00:04:13.288+0000] {logging_mixin.py:190} INFO - [air] 50 capteurs récupérés.
[2026-07-12T00:04:13.306+0000] {logging_mixin.py:190} INFO - [MinIO] envoyé : /tmp/tmpekz9snfz/air.json -> raw/air/2026-07-12T00-04-13Z.json
[2026-07-12T00:04:13.308+0000] {logging_mixin.py:190} INFO - [air] instantané créé : 2026-07-12T00-04-13Z (50 capteurs)
[2026-07-12T00:04:13.309+0000] {python.py:240} INFO - Done. Returned value was: 2026-07-12T00-04-13Z
[2026-07-12T00:04:13.338+0000] {taskinstance.py:341} INFO - ::group::Post task execution logs
[2026-07-12T00:04:13.339+0000] {taskinstance.py:353} INFO - Marking task as SUCCESS. dag_id=pipeline_air_quality, task_id=ingestion_api, run_id=scheduled__2026-07-11T23:00:00+00:00, execution_date=20260711T230000, start_date=20260712T000412, end_date=20260712T000413
[2026-07-12T00:04:13.407+0000] {local_task_job_runner.py:266} INFO - Task exited with return code 0
[2026-07-12T00:04:13.433+0000] {taskinstance.py:3901} INFO - 1 downstream tasks scheduled from follow-on schedule check
[2026-07-12T00:04:13.437+0000] {local_task_job_runner.py:245} INFO - ::endgroup::
