[2026-07-12T00:05:04.020+0000] {local_task_job_runner.py:123} INFO - ::group::Pre task execution logs
[2026-07-12T00:05:04.062+0000] {taskinstance.py:2614} INFO - Dependencies all met for dep_context=non-requeueable deps ti=<TaskInstance: pipeline_ecg.modele_curated manual__2026-07-12T00:04:30.730202+00:00 [queued]>
[2026-07-12T00:05:04.074+0000] {taskinstance.py:2614} INFO - Dependencies all met for dep_context=requeueable deps ti=<TaskInstance: pipeline_ecg.modele_curated manual__2026-07-12T00:04:30.730202+00:00 [queued]>
[2026-07-12T00:05:04.077+0000] {taskinstance.py:2867} INFO - Starting attempt 1 of 3
[2026-07-12T00:05:04.091+0000] {taskinstance.py:2890} INFO - Executing <Task(PythonOperator): modele_curated> on 2026-07-12 00:04:30.730202+00:00
[2026-07-12T00:05:04.099+0000] {standard_task_runner.py:72} INFO - Started process 303 to run task
[2026-07-12T00:05:04.102+0000] {standard_task_runner.py:104} INFO - Running: ['***', 'tasks', 'run', 'pipeline_ecg', 'modele_curated', 'manual__2026-07-12T00:04:30.730202+00:00', '--job-id', '8', '--raw', '--subdir', 'DAGS_FOLDER/dag_ecg.py', '--cfg-path', '/tmp/tmp12vm0euu']
[2026-07-12T00:05:04.106+0000] {standard_task_runner.py:105} INFO - Job 8: Subtask modele_curated
[2026-07-12T00:05:04.171+0000] {task_command.py:467} INFO - Running <TaskInstance: pipeline_ecg.modele_curated manual__2026-07-12T00:04:30.730202+00:00 [running]> on host 6cdb56b9ae8c
[2026-07-12T00:05:04.266+0000] {taskinstance.py:3134} INFO - Exporting env vars: AIRFLOW_CTX_DAG_OWNER='datalake' AIRFLOW_CTX_DAG_ID='pipeline_ecg' AIRFLOW_CTX_TASK_ID='modele_curated' AIRFLOW_CTX_EXECUTION_DATE='2026-07-12T00:04:30.730202+00:00' AIRFLOW_CTX_TRY_NUMBER='1' AIRFLOW_CTX_DAG_RUN_ID='manual__2026-07-12T00:04:30.730202+00:00'
[2026-07-12T00:05:04.268+0000] {taskinstance.py:732} INFO - ::endgroup::
[2026-07-12T00:05:05.980+0000] {logging_mixin.py:190} INFO - ============================================================
[2026-07-12T00:05:05.982+0000] {logging_mixin.py:190} INFO - ÉTAPE 1/4 : chargement des features depuis la zone staging
[2026-07-12T00:05:05.983+0000] {logging_mixin.py:190} INFO - ============================================================
[2026-07-12T00:05:06.021+0000] {logging_mixin.py:190} INFO - [model] chargé : ecg/100.parquet (2273 battements)
[2026-07-12T00:05:06.031+0000] {logging_mixin.py:190} INFO - [model] chargé : ecg/101.parquet (1865 battements)
[2026-07-12T00:05:06.039+0000] {logging_mixin.py:190} INFO - [model] chargé : ecg/102.parquet (2187 battements)
[2026-07-12T00:05:06.047+0000] {logging_mixin.py:190} INFO - 
[model] Total : 6322 battements, dont 2126 anormaux (33.6 %).
[2026-07-12T00:05:06.048+0000] {logging_mixin.py:190} INFO - [model] => Les anomalies sont RARES : c'est le déséquilibre de classes.
[2026-07-12T00:05:06.050+0000] {logging_mixin.py:190} INFO - 
============================================================
[2026-07-12T00:05:06.051+0000] {logging_mixin.py:190} INFO - ÉTAPE 2/4 : séparation entraînement / test
[2026-07-12T00:05:06.052+0000] {logging_mixin.py:190} INFO - ============================================================
[2026-07-12T00:05:06.058+0000] {logging_mixin.py:190} INFO - [model] entraînement : 4425 battements
[2026-07-12T00:05:06.059+0000] {logging_mixin.py:190} INFO - [model] test         : 1897 battements (jamais vus par le modèle)
[2026-07-12T00:05:06.060+0000] {logging_mixin.py:190} INFO - 
============================================================
[2026-07-12T00:05:06.061+0000] {logging_mixin.py:190} INFO - ÉTAPE 3/4 : entraînement et évaluation
[2026-07-12T00:05:06.062+0000] {logging_mixin.py:190} INFO - ============================================================
[2026-07-12T00:05:06.071+0000] {logging_mixin.py:190} INFO - 
--- Baseline naïve (répond toujours 'normal') ---
[2026-07-12T00:05:06.072+0000] {logging_mixin.py:190} INFO -   Accuracy            : 66.4%
[2026-07-12T00:05:06.074+0000] {logging_mixin.py:190} INFO -   Rappel (anomalies)  : 0.0%  <- le plus important
[2026-07-12T00:05:06.075+0000] {logging_mixin.py:190} INFO -   Précision(anomalies): 0.0%
[2026-07-12T00:05:06.076+0000] {logging_mixin.py:190} INFO -   F1 (anomalies)      : 0.0%
[2026-07-12T00:05:06.077+0000] {logging_mixin.py:190} INFO -   => Accuracy élevée mais rappel NUL : elle rate TOUTES les anomalies.
[2026-07-12T00:05:06.078+0000] {logging_mixin.py:190} INFO -      C'est exactement le piège à éviter.
[2026-07-12T00:05:06.427+0000] {logging_mixin.py:190} WARNING - /home/***/.local/lib/python3.11/site-packages/sklearn/ensemble/_base.py:172 UserWarning: Loky-backed parallel loops cannot be called in a multiprocessing, setting n_jobs=1
[2026-07-12T00:05:06.450+0000] {logging_mixin.py:190} INFO - 
--- Random Forest (pondéré) ---
[2026-07-12T00:05:06.451+0000] {logging_mixin.py:190} INFO -   Accuracy            : 90.9%
[2026-07-12T00:05:06.453+0000] {logging_mixin.py:190} INFO -   Rappel (anomalies)  : 85.3%  <- le plus important
[2026-07-12T00:05:06.454+0000] {logging_mixin.py:190} INFO -   Précision(anomalies): 87.5%
[2026-07-12T00:05:06.455+0000] {logging_mixin.py:190} INFO -   F1 (anomalies)      : 86.3%
[2026-07-12T00:05:06.458+0000] {logging_mixin.py:190} INFO - 
  Matrice de confusion :
[2026-07-12T00:05:06.460+0000] {logging_mixin.py:190} INFO -                     prédit normal | prédit anormal
[2026-07-12T00:05:06.461+0000] {logging_mixin.py:190} INFO -     réel normal   :        1181    |         78
[2026-07-12T00:05:06.462+0000] {logging_mixin.py:190} INFO -     réel anormal  :          94    |        544
[2026-07-12T00:05:06.464+0000] {logging_mixin.py:190} INFO - 
  (Les 'réel anormal / prédit normal' sont les anomalies RATÉES :
[2026-07-12T00:05:06.465+0000] {logging_mixin.py:190} INFO -    c'est l'erreur la plus grave en médecine.)
[2026-07-12T00:05:06.466+0000] {logging_mixin.py:190} INFO - 
  Rapport détaillé :
[2026-07-12T00:05:06.474+0000] {logging_mixin.py:190} INFO -               precision    recall  f1-score   support

      normal       0.93      0.94      0.93      1259
     anormal       0.87      0.85      0.86       638

    accuracy                           0.91      1897
   macro avg       0.90      0.90      0.90      1897
weighted avg       0.91      0.91      0.91      1897
[2026-07-12T00:05:06.475+0000] {logging_mixin.py:190} INFO -   Importance des features (ce sur quoi le modèle s'appuie) :
[2026-07-12T00:05:06.510+0000] {logging_mixin.py:190} INFO -     amp_range    : 34.1%
[2026-07-12T00:05:06.513+0000] {logging_mixin.py:190} INFO -     amp_max      : 27.3%
[2026-07-12T00:05:06.514+0000] {logging_mixin.py:190} INFO -     rr_prev      : 16.4%
[2026-07-12T00:05:06.517+0000] {logging_mixin.py:190} INFO -     rr_next      : 13.6%
[2026-07-12T00:05:06.519+0000] {logging_mixin.py:190} INFO -     amp_min      : 8.5%
[2026-07-12T00:05:06.589+0000] {logging_mixin.py:190} INFO - 
[model] 💾 modèle sauvegardé : models/ecg_model.joblib
[2026-07-12T00:05:06.592+0000] {logging_mixin.py:190} INFO - 
============================================================
[2026-07-12T00:05:06.593+0000] {logging_mixin.py:190} INFO - ÉTAPE 4/4 : écriture dans la zone curated (PostgreSQL)
[2026-07-12T00:05:06.594+0000] {logging_mixin.py:190} INFO - ============================================================
[2026-07-12T00:05:06.599+0000] {logging_mixin.py:190} WARNING - /home/***/.local/lib/python3.11/site-packages/sklearn/ensemble/_base.py:172 UserWarning: Loky-backed parallel loops cannot be called in a multiprocessing, setting n_jobs=1
[2026-07-12T00:05:06.630+0000] {logging_mixin.py:190} WARNING - /home/***/.local/lib/python3.11/site-packages/sklearn/ensemble/_base.py:172 UserWarning: Loky-backed parallel loops cannot be called in a multiprocessing, setting n_jobs=1
[2026-07-12T00:05:06.673+0000] {logging_mixin.py:190} INFO - [postgres] table 'curated_beats' : prête.
[2026-07-12T00:05:06.708+0000] {logging_mixin.py:190} WARNING - /opt/***/project/src/storage/postgres_client.py:95 UserWarning: pandas only supports SQLAlchemy connectable (engine/connection) or database string URI or sqlite3 DBAPI2 connection. Other DBAPI2 objects are not tested. Please consider using SQLAlchemy.
[2026-07-12T00:05:06.711+0000] {taskinstance.py:3313} ERROR - Task failed with exception
Traceback (most recent call last):
  File "/home/airflow/.local/lib/python3.11/site-packages/airflow/models/taskinstance.py", line 768, in _execute_task
    result = _execute_callable(context=context, **execute_callable_kwargs)
             ^^^^^^^^^^^^^^^^^^^^^^^^^^^^^^^^^^^^^^^^^^^^^^^^^^^^^^^^^^^^^
  File "/home/airflow/.local/lib/python3.11/site-packages/airflow/models/taskinstance.py", line 734, in _execute_callable
    return ExecutionCallableRunner(
           ^^^^^^^^^^^^^^^^^^^^^^^^
  File "/home/airflow/.local/lib/python3.11/site-packages/airflow/utils/operator_helpers.py", line 252, in run
    return self.func(*args, **kwargs)
           ^^^^^^^^^^^^^^^^^^^^^^^^^^
  File "/home/airflow/.local/lib/python3.11/site-packages/airflow/models/baseoperator.py", line 424, in wrapper
    return func(self, *args, **kwargs)
           ^^^^^^^^^^^^^^^^^^^^^^^^^^^
  File "/home/airflow/.local/lib/python3.11/site-packages/airflow/operators/python.py", line 238, in execute
    return_value = self.execute_callable()
                   ^^^^^^^^^^^^^^^^^^^^^^^
  File "/home/airflow/.local/lib/python3.11/site-packages/airflow/operators/python.py", line 256, in execute_callable
    return runner.run(*self.op_args, **self.op_kwargs)
           ^^^^^^^^^^^^^^^^^^^^^^^^^^^^^^^^^^^^^^^^^^^
  File "/home/airflow/.local/lib/python3.11/site-packages/airflow/utils/operator_helpers.py", line 252, in run
    return self.func(*args, **kwargs)
           ^^^^^^^^^^^^^^^^^^^^^^^^^^
  File "/opt/airflow/dags/dag_ecg.py", line 50, in tache_curated
    train()
  File "/opt/airflow/project/src/models/train_ecg.py", line 204, in train
    n_inserted = pg.insert_results(df)
                 ^^^^^^^^^^^^^^^^^^^^^
  File "/opt/airflow/project/src/storage/postgres_client.py", line 95, in insert_results
    to_insert.to_sql(TABLE_NAME, engine, if_exists="append", index=False)
  File "/home/airflow/.local/lib/python3.11/site-packages/pandas/util/_decorators.py", line 333, in wrapper
    return func(*args, **kwargs)
           ^^^^^^^^^^^^^^^^^^^^^
  File "/home/airflow/.local/lib/python3.11/site-packages/pandas/core/generic.py", line 3087, in to_sql
    return sql.to_sql(
           ^^^^^^^^^^^
  File "/home/airflow/.local/lib/python3.11/site-packages/pandas/io/sql.py", line 842, in to_sql
    return pandas_sql.to_sql(
           ^^^^^^^^^^^^^^^^^^
  File "/home/airflow/.local/lib/python3.11/site-packages/pandas/io/sql.py", line 2850, in to_sql
    table.create()
  File "/home/airflow/.local/lib/python3.11/site-packages/pandas/io/sql.py", line 984, in create
    if self.exists():
       ^^^^^^^^^^^^^
  File "/home/airflow/.local/lib/python3.11/site-packages/pandas/io/sql.py", line 970, in exists
    return self.pd_sql.has_table(self.name, self.schema)
           ^^^^^^^^^^^^^^^^^^^^^^^^^^^^^^^^^^^^^^^^^^^^^
  File "/home/airflow/.local/lib/python3.11/site-packages/pandas/io/sql.py", line 2865, in has_table
    return len(self.execute(query, [name]).fetchall()) > 0
               ^^^^^^^^^^^^^^^^^^^^^^^^^^^
  File "/home/airflow/.local/lib/python3.11/site-packages/pandas/io/sql.py", line 2672, in execute
    cur = self.con.cursor()
          ^^^^^^^^^^^^^^^
AttributeError: 'Engine' object has no attribute 'cursor'
[2026-07-12T00:05:06.755+0000] {taskinstance.py:1226} INFO - Marking task as UP_FOR_RETRY. dag_id=pipeline_ecg, task_id=modele_curated, run_id=manual__2026-07-12T00:04:30.730202+00:00, execution_date=20260712T000430, start_date=20260712T000504, end_date=20260712T000506
[2026-07-12T00:05:06.803+0000] {taskinstance.py:341} INFO - ::group::Post task execution logs
[2026-07-12T00:05:06.806+0000] {standard_task_runner.py:124} ERROR - Failed to execute job 8 for task modele_curated ('Engine' object has no attribute 'cursor'; 303)
Traceback (most recent call last):
  File "/home/airflow/.local/lib/python3.11/site-packages/airflow/task/task_runner/standard_task_runner.py", line 117, in _start_by_fork
    ret = args.func(args, dag=self.dag)
          ^^^^^^^^^^^^^^^^^^^^^^^^^^^^^
  File "/home/airflow/.local/lib/python3.11/site-packages/airflow/cli/cli_config.py", line 49, in command
    return func(*args, **kwargs)
           ^^^^^^^^^^^^^^^^^^^^^
  File "/home/airflow/.local/lib/python3.11/site-packages/airflow/utils/cli.py", line 116, in wrapper
    return f(*args, **kwargs)
           ^^^^^^^^^^^^^^^^^^
  File "/home/airflow/.local/lib/python3.11/site-packages/airflow/cli/commands/task_command.py", line 483, in task_run
    task_return_code = _run_task_by_selected_method(args, _dag, ti)
                       ^^^^^^^^^^^^^^^^^^^^^^^^^^^^^^^^^^^^^^^^^^^^
  File "/home/airflow/.local/lib/python3.11/site-packages/airflow/cli/commands/task_command.py", line 256, in _run_task_by_selected_method
    return _run_raw_task(args, ti)
           ^^^^^^^^^^^^^^^^^^^^^^^
  File "/home/airflow/.local/lib/python3.11/site-packages/airflow/cli/commands/task_command.py", line 341, in _run_raw_task
    return ti._run_raw_task(
           ^^^^^^^^^^^^^^^^^
  File "/home/airflow/.local/lib/python3.11/site-packages/airflow/utils/session.py", line 97, in wrapper
    return func(*args, session=session, **kwargs)
           ^^^^^^^^^^^^^^^^^^^^^^^^^^^^^^^^^^^^^^
  File "/home/airflow/.local/lib/python3.11/site-packages/airflow/models/taskinstance.py", line 3006, in _run_raw_task
    return _run_raw_task(
           ^^^^^^^^^^^^^^
  File "/home/airflow/.local/lib/python3.11/site-packages/airflow/models/taskinstance.py", line 274, in _run_raw_task
    TaskInstance._execute_task_with_callbacks(
  File "/home/airflow/.local/lib/python3.11/site-packages/airflow/models/taskinstance.py", line 3161, in _execute_task_with_callbacks
    result = self._execute_task(context, task_orig)
             ^^^^^^^^^^^^^^^^^^^^^^^^^^^^^^^^^^^^^^
  File "/home/airflow/.local/lib/python3.11/site-packages/airflow/models/taskinstance.py", line 3185, in _execute_task
    return _execute_task(self, context, task_orig)
           ^^^^^^^^^^^^^^^^^^^^^^^^^^^^^^^^^^^^^^^
  File "/home/airflow/.local/lib/python3.11/site-packages/airflow/models/taskinstance.py", line 768, in _execute_task
    result = _execute_callable(context=context, **execute_callable_kwargs)
             ^^^^^^^^^^^^^^^^^^^^^^^^^^^^^^^^^^^^^^^^^^^^^^^^^^^^^^^^^^^^^
  File "/home/airflow/.local/lib/python3.11/site-packages/airflow/models/taskinstance.py", line 734, in _execute_callable
    return ExecutionCallableRunner(
           ^^^^^^^^^^^^^^^^^^^^^^^^
  File "/home/airflow/.local/lib/python3.11/site-packages/airflow/utils/operator_helpers.py", line 252, in run
    return self.func(*args, **kwargs)
           ^^^^^^^^^^^^^^^^^^^^^^^^^^
  File "/home/airflow/.local/lib/python3.11/site-packages/airflow/models/baseoperator.py", line 424, in wrapper
    return func(self, *args, **kwargs)
           ^^^^^^^^^^^^^^^^^^^^^^^^^^^
  File "/home/airflow/.local/lib/python3.11/site-packages/airflow/operators/python.py", line 238, in execute
    return_value = self.execute_callable()
                   ^^^^^^^^^^^^^^^^^^^^^^^
  File "/home/airflow/.local/lib/python3.11/site-packages/airflow/operators/python.py", line 256, in execute_callable
    return runner.run(*self.op_args, **self.op_kwargs)
           ^^^^^^^^^^^^^^^^^^^^^^^^^^^^^^^^^^^^^^^^^^^
  File "/home/airflow/.local/lib/python3.11/site-packages/airflow/utils/operator_helpers.py", line 252, in run
    return self.func(*args, **kwargs)
           ^^^^^^^^^^^^^^^^^^^^^^^^^^
  File "/opt/airflow/dags/dag_ecg.py", line 50, in tache_curated
    train()
  File "/opt/airflow/project/src/models/train_ecg.py", line 204, in train
    n_inserted = pg.insert_results(df)
                 ^^^^^^^^^^^^^^^^^^^^^
  File "/opt/airflow/project/src/storage/postgres_client.py", line 95, in insert_results
    to_insert.to_sql(TABLE_NAME, engine, if_exists="append", index=False)
  File "/home/airflow/.local/lib/python3.11/site-packages/pandas/util/_decorators.py", line 333, in wrapper
    return func(*args, **kwargs)
           ^^^^^^^^^^^^^^^^^^^^^
  File "/home/airflow/.local/lib/python3.11/site-packages/pandas/core/generic.py", line 3087, in to_sql
    return sql.to_sql(
           ^^^^^^^^^^^
  File "/home/airflow/.local/lib/python3.11/site-packages/pandas/io/sql.py", line 842, in to_sql
    return pandas_sql.to_sql(
           ^^^^^^^^^^^^^^^^^^
  File "/home/airflow/.local/lib/python3.11/site-packages/pandas/io/sql.py", line 2850, in to_sql
    table.create()
  File "/home/airflow/.local/lib/python3.11/site-packages/pandas/io/sql.py", line 984, in create
    if self.exists():
       ^^^^^^^^^^^^^
  File "/home/airflow/.local/lib/python3.11/site-packages/pandas/io/sql.py", line 970, in exists
    return self.pd_sql.has_table(self.name, self.schema)
           ^^^^^^^^^^^^^^^^^^^^^^^^^^^^^^^^^^^^^^^^^^^^^
  File "/home/airflow/.local/lib/python3.11/site-packages/pandas/io/sql.py", line 2865, in has_table
    return len(self.execute(query, [name]).fetchall()) > 0
               ^^^^^^^^^^^^^^^^^^^^^^^^^^^
  File "/home/airflow/.local/lib/python3.11/site-packages/pandas/io/sql.py", line 2672, in execute
    cur = self.con.cursor()
          ^^^^^^^^^^^^^^^
AttributeError: 'Engine' object has no attribute 'cursor'
[2026-07-12T00:05:06.890+0000] {local_task_job_runner.py:266} INFO - Task exited with return code 1
[2026-07-12T00:05:06.917+0000] {taskinstance.py:3901} INFO - 0 downstream tasks scheduled from follow-on schedule check
[2026-07-12T00:05:06.921+0000] {local_task_job_runner.py:245} INFO - ::endgroup::
