[2026-07-12T09:40:49.093+0000] {local_task_job_runner.py:123} INFO - ::group::Pre task execution logs
[2026-07-12T09:40:49.110+0000] {taskinstance.py:2614} INFO - Dependencies all met for dep_context=non-requeueable deps ti=<TaskInstance: pipeline_air_quality.ingestion_api scheduled__2026-07-12T08:00:00+00:00 [queued]>
[2026-07-12T09:40:49.118+0000] {taskinstance.py:2614} INFO - Dependencies all met for dep_context=requeueable deps ti=<TaskInstance: pipeline_air_quality.ingestion_api scheduled__2026-07-12T08:00:00+00:00 [queued]>
[2026-07-12T09:40:49.120+0000] {taskinstance.py:2867} INFO - Starting attempt 1 of 4
[2026-07-12T09:40:49.133+0000] {taskinstance.py:2890} INFO - Executing <Task(PythonOperator): ingestion_api> on 2026-07-12 08:00:00+00:00
[2026-07-12T09:40:49.141+0000] {standard_task_runner.py:72} INFO - Started process 259 to run task
[2026-07-12T09:40:49.144+0000] {standard_task_runner.py:104} INFO - Running: ['***', 'tasks', 'run', 'pipeline_air_quality', 'ingestion_api', 'scheduled__2026-07-12T08:00:00+00:00', '--job-id', '24', '--raw', '--subdir', 'DAGS_FOLDER/dag_air.py', '--cfg-path', '/tmp/tmp7ze873q9']
[2026-07-12T09:40:49.147+0000] {standard_task_runner.py:105} INFO - Job 24: Subtask ingestion_api
[2026-07-12T09:40:49.207+0000] {task_command.py:467} INFO - Running <TaskInstance: pipeline_air_quality.ingestion_api scheduled__2026-07-12T08:00:00+00:00 [running]> on host c6e73bc200f8
[2026-07-12T09:40:49.293+0000] {taskinstance.py:3134} INFO - Exporting env vars: AIRFLOW_CTX_DAG_OWNER='datalake' AIRFLOW_CTX_DAG_ID='pipeline_air_quality' AIRFLOW_CTX_TASK_ID='ingestion_api' AIRFLOW_CTX_EXECUTION_DATE='2026-07-12T08:00:00+00:00' AIRFLOW_CTX_TRY_NUMBER='1' AIRFLOW_CTX_DAG_RUN_ID='scheduled__2026-07-12T08:00:00+00:00'
[2026-07-12T09:40:49.295+0000] {taskinstance.py:732} INFO - ::endgroup::
[2026-07-12T09:40:49.442+0000] {logging_mixin.py:190} INFO - [MinIO] bucket 'raw' : déjà présent.
[2026-07-12T09:40:49.446+0000] {logging_mixin.py:190} INFO - [MinIO] bucket 'staging' : déjà présent.
[2026-07-12T09:40:49.447+0000] {logging_mixin.py:190} INFO - [air] interrogation de l'API OpenAQ (Paris, rayon 25 km)...
[2026-07-12T09:40:49.997+0000] {logging_mixin.py:190} INFO - [air] 50 capteurs récupérés.
[2026-07-12T09:40:50.013+0000] {logging_mixin.py:190} INFO - [MinIO] envoyé : /tmp/tmpypa1b3_u/air.json -> raw/air/2026-07-12T09-40-49Z.json
[2026-07-12T09:40:50.015+0000] {logging_mixin.py:190} INFO - [air] instantané créé : 2026-07-12T09-40-49Z (50 capteurs)
[2026-07-12T09:40:50.016+0000] {python.py:240} INFO - Done. Returned value was: 2026-07-12T09-40-49Z
[2026-07-12T09:40:50.041+0000] {taskinstance.py:341} INFO - ::group::Post task execution logs
[2026-07-12T09:40:50.042+0000] {taskinstance.py:353} INFO - Marking task as SUCCESS. dag_id=pipeline_air_quality, task_id=ingestion_api, run_id=scheduled__2026-07-12T08:00:00+00:00, execution_date=20260712T080000, start_date=20260712T094049, end_date=20260712T094050
[2026-07-12T09:40:50.121+0000] {local_task_job_runner.py:266} INFO - Task exited with return code 0
[2026-07-12T09:40:50.149+0000] {taskinstance.py:3901} INFO - 1 downstream tasks scheduled from follow-on schedule check
[2026-07-12T09:40:50.152+0000] {local_task_job_runner.py:245} INFO - ::endgroup::
