[2026-07-12T01:00:04.978+0000] {local_task_job_runner.py:123} INFO - ::group::Pre task execution logs
[2026-07-12T01:00:05.002+0000] {taskinstance.py:2614} INFO - Dependencies all met for dep_context=non-requeueable deps ti=<TaskInstance: pipeline_air_quality.transformation_staging scheduled__2026-07-12T00:00:00+00:00 [queued]>
[2026-07-12T01:00:05.013+0000] {taskinstance.py:2614} INFO - Dependencies all met for dep_context=requeueable deps ti=<TaskInstance: pipeline_air_quality.transformation_staging scheduled__2026-07-12T00:00:00+00:00 [queued]>
[2026-07-12T01:00:05.015+0000] {taskinstance.py:2867} INFO - Starting attempt 1 of 4
[2026-07-12T01:00:05.028+0000] {taskinstance.py:2890} INFO - Executing <Task(PythonOperator): transformation_staging> on 2026-07-12 00:00:00+00:00
[2026-07-12T01:00:05.036+0000] {standard_task_runner.py:72} INFO - Started process 783 to run task
[2026-07-12T01:00:05.039+0000] {standard_task_runner.py:104} INFO - Running: ['***', 'tasks', 'run', 'pipeline_air_quality', 'transformation_staging', 'scheduled__2026-07-12T00:00:00+00:00', '--job-id', '20', '--raw', '--subdir', 'DAGS_FOLDER/dag_air.py', '--cfg-path', '/tmp/tmpwhpklkyk']
[2026-07-12T01:00:05.042+0000] {standard_task_runner.py:105} INFO - Job 20: Subtask transformation_staging
[2026-07-12T01:00:05.110+0000] {task_command.py:467} INFO - Running <TaskInstance: pipeline_air_quality.transformation_staging scheduled__2026-07-12T00:00:00+00:00 [running]> on host c6e73bc200f8
[2026-07-12T01:00:05.205+0000] {taskinstance.py:3134} INFO - Exporting env vars: AIRFLOW_CTX_DAG_OWNER='datalake' AIRFLOW_CTX_DAG_ID='pipeline_air_quality' AIRFLOW_CTX_TASK_ID='transformation_staging' AIRFLOW_CTX_EXECUTION_DATE='2026-07-12T00:00:00+00:00' AIRFLOW_CTX_TRY_NUMBER='1' AIRFLOW_CTX_DAG_RUN_ID='scheduled__2026-07-12T00:00:00+00:00'
[2026-07-12T01:00:05.206+0000] {taskinstance.py:732} INFO - ::endgroup::
[2026-07-12T01:00:08.682+0000] {logging_mixin.py:190} INFO - [air] XCom a transmis l'instantané à traiter : 2026-07-12T01-00-04Z
[2026-07-12T01:00:08.685+0000] {logging_mixin.py:190} INFO - [air] traitement de '2026-07-12T01-00-04Z'...
[2026-07-12T01:00:08.697+0000] {logging_mixin.py:190} INFO - [air] 156 capteurs, 50 stations, polluants : co, no, no2, o3, pm1, pm10, pm25, relativehumidity, so2, temperature, um003
[2026-07-12T01:00:08.700+0000] {logging_mixin.py:190} INFO - [air] 156 lignes de features extraites.
[2026-07-12T01:00:08.725+0000] {logging_mixin.py:190} INFO - [MinIO] envoyé : /tmp/tmpptyjsmi4/2026-07-12T01-00-04Z.parquet -> staging/air/2026-07-12T01-00-04Z.parquet
[2026-07-12T01:00:08.727+0000] {logging_mixin.py:190} INFO - [air] 156 lignes écrites en staging.
[2026-07-12T01:00:08.729+0000] {python.py:240} INFO - Done. Returned value was: 156
[2026-07-12T01:00:08.754+0000] {taskinstance.py:341} INFO - ::group::Post task execution logs
[2026-07-12T01:00:08.756+0000] {taskinstance.py:353} INFO - Marking task as SUCCESS. dag_id=pipeline_air_quality, task_id=transformation_staging, run_id=scheduled__2026-07-12T00:00:00+00:00, execution_date=20260712T000000, start_date=20260712T010005, end_date=20260712T010008
[2026-07-12T01:00:08.825+0000] {local_task_job_runner.py:266} INFO - Task exited with return code 0
[2026-07-12T01:00:08.842+0000] {taskinstance.py:3901} INFO - 0 downstream tasks scheduled from follow-on schedule check
[2026-07-12T01:00:08.845+0000] {local_task_job_runner.py:245} INFO - ::endgroup::
