[2026-07-12T00:04:14.021+0000] {local_task_job_runner.py:123} INFO - ::group::Pre task execution logs
[2026-07-12T00:04:14.061+0000] {taskinstance.py:2614} INFO - Dependencies all met for dep_context=non-requeueable deps ti=<TaskInstance: pipeline_air_quality.transformation_staging scheduled__2026-07-11T23:00:00+00:00 [queued]>
[2026-07-12T00:04:14.080+0000] {taskinstance.py:2614} INFO - Dependencies all met for dep_context=requeueable deps ti=<TaskInstance: pipeline_air_quality.transformation_staging scheduled__2026-07-11T23:00:00+00:00 [queued]>
[2026-07-12T00:04:14.094+0000] {taskinstance.py:2867} INFO - Starting attempt 1 of 4
[2026-07-12T00:04:14.110+0000] {taskinstance.py:2890} INFO - Executing <Task(PythonOperator): transformation_staging> on 2026-07-11 23:00:00+00:00
[2026-07-12T00:04:14.120+0000] {standard_task_runner.py:72} INFO - Started process 235 to run task
[2026-07-12T00:04:14.126+0000] {standard_task_runner.py:104} INFO - Running: ['***', 'tasks', 'run', 'pipeline_air_quality', 'transformation_staging', 'scheduled__2026-07-11T23:00:00+00:00', '--job-id', '3', '--raw', '--subdir', 'DAGS_FOLDER/dag_air.py', '--cfg-path', '/tmp/tmpfhr4fn0m']
[2026-07-12T00:04:14.130+0000] {standard_task_runner.py:105} INFO - Job 3: Subtask transformation_staging
[2026-07-12T00:04:14.197+0000] {task_command.py:467} INFO - Running <TaskInstance: pipeline_air_quality.transformation_staging scheduled__2026-07-11T23:00:00+00:00 [running]> on host 6cdb56b9ae8c
[2026-07-12T00:04:14.274+0000] {taskinstance.py:3134} INFO - Exporting env vars: AIRFLOW_CTX_DAG_OWNER='datalake' AIRFLOW_CTX_DAG_ID='pipeline_air_quality' AIRFLOW_CTX_TASK_ID='transformation_staging' AIRFLOW_CTX_EXECUTION_DATE='2026-07-11T23:00:00+00:00' AIRFLOW_CTX_TRY_NUMBER='1' AIRFLOW_CTX_DAG_RUN_ID='scheduled__2026-07-11T23:00:00+00:00'
[2026-07-12T00:04:14.276+0000] {taskinstance.py:732} INFO - ::endgroup::
[2026-07-12T00:04:15.170+0000] {logging_mixin.py:190} INFO - [air] XCom a transmis l'instantané à traiter : 2026-07-12T00-04-13Z
[2026-07-12T00:04:15.172+0000] {logging_mixin.py:190} INFO - [air] traitement de '2026-07-12T00-04-13Z'...
[2026-07-12T00:04:15.192+0000] {logging_mixin.py:190} INFO - [air] 156 capteurs, 50 stations, polluants : co, no, no2, o3, pm1, pm10, pm25, relativehumidity, so2, temperature, um003
[2026-07-12T00:04:15.195+0000] {logging_mixin.py:190} INFO - [air] 156 lignes de features extraites.
[2026-07-12T00:04:15.248+0000] {logging_mixin.py:190} INFO - [MinIO] envoyé : /tmp/tmpc2wojc9n/2026-07-12T00-04-13Z.parquet -> staging/air/2026-07-12T00-04-13Z.parquet
[2026-07-12T00:04:15.250+0000] {logging_mixin.py:190} INFO - [air] 156 lignes écrites en staging.
[2026-07-12T00:04:15.253+0000] {python.py:240} INFO - Done. Returned value was: 156
[2026-07-12T00:04:15.299+0000] {taskinstance.py:341} INFO - ::group::Post task execution logs
[2026-07-12T00:04:15.300+0000] {taskinstance.py:353} INFO - Marking task as SUCCESS. dag_id=pipeline_air_quality, task_id=transformation_staging, run_id=scheduled__2026-07-11T23:00:00+00:00, execution_date=20260711T230000, start_date=20260712T000414, end_date=20260712T000415
[2026-07-12T00:04:15.384+0000] {local_task_job_runner.py:266} INFO - Task exited with return code 0
[2026-07-12T00:04:15.404+0000] {taskinstance.py:3901} INFO - 0 downstream tasks scheduled from follow-on schedule check
[2026-07-12T00:04:15.407+0000] {local_task_job_runner.py:245} INFO - ::endgroup::
