[2026-07-12T00:58:23.612+0000] {local_task_job_runner.py:123} INFO - ::group::Pre task execution logs
[2026-07-12T00:58:23.647+0000] {taskinstance.py:2614} INFO - Dependencies all met for dep_context=non-requeueable deps ti=<TaskInstance: pipeline_eeg.modele_curated manual__2026-07-12T00:46:39.693359+00:00 [queued]>
[2026-07-12T00:58:23.665+0000] {taskinstance.py:2614} INFO - Dependencies all met for dep_context=requeueable deps ti=<TaskInstance: pipeline_eeg.modele_curated manual__2026-07-12T00:46:39.693359+00:00 [queued]>
[2026-07-12T00:58:23.690+0000] {taskinstance.py:2867} INFO - Starting attempt 1 of 3
[2026-07-12T00:58:23.713+0000] {taskinstance.py:2890} INFO - Executing <Task(PythonOperator): modele_curated> on 2026-07-12 00:46:39.693359+00:00
[2026-07-12T00:58:23.725+0000] {standard_task_runner.py:72} INFO - Started process 657 to run task
[2026-07-12T00:58:23.730+0000] {standard_task_runner.py:104} INFO - Running: ['***', 'tasks', 'run', 'pipeline_eeg', 'modele_curated', 'manual__2026-07-12T00:46:39.693359+00:00', '--job-id', '18', '--raw', '--subdir', 'DAGS_FOLDER/dag_eeg.py', '--cfg-path', '/tmp/tmp1r820cf_']
[2026-07-12T00:58:23.735+0000] {standard_task_runner.py:105} INFO - Job 18: Subtask modele_curated
[2026-07-12T00:58:23.821+0000] {task_command.py:467} INFO - Running <TaskInstance: pipeline_eeg.modele_curated manual__2026-07-12T00:46:39.693359+00:00 [running]> on host c6e73bc200f8
[2026-07-12T00:58:23.936+0000] {taskinstance.py:3134} INFO - Exporting env vars: AIRFLOW_CTX_DAG_OWNER='datalake' AIRFLOW_CTX_DAG_ID='pipeline_eeg' AIRFLOW_CTX_TASK_ID='modele_curated' AIRFLOW_CTX_EXECUTION_DATE='2026-07-12T00:46:39.693359+00:00' AIRFLOW_CTX_TRY_NUMBER='1' AIRFLOW_CTX_DAG_RUN_ID='manual__2026-07-12T00:46:39.693359+00:00'
[2026-07-12T00:58:23.939+0000] {taskinstance.py:732} INFO - ::endgroup::
[2026-07-12T00:58:25.451+0000] {logging_mixin.py:190} INFO - ==============================================================
[2026-07-12T00:58:25.454+0000] {logging_mixin.py:190} INFO - ÉTAPE 1/4 : chargement des features EEG
[2026-07-12T00:58:25.455+0000] {logging_mixin.py:190} INFO - ==============================================================
[2026-07-12T00:58:25.524+0000] {logging_mixin.py:190} INFO - [model] chargé : eeg/chb01_03.parquet (720 fenêtres, 9 en crise)
[2026-07-12T00:58:25.533+0000] {logging_mixin.py:190} INFO - [model] chargé : eeg/chb01_04.parquet (720 fenêtres, 6 en crise)
[2026-07-12T00:58:25.542+0000] {logging_mixin.py:190} INFO - [model] chargé : eeg/chb01_16.parquet (720 fenêtres, 11 en crise)
[2026-07-12T00:58:25.550+0000] {logging_mixin.py:190} INFO - [model] chargé : eeg/chb01_18.parquet (720 fenêtres, 18 en crise)
[2026-07-12T00:58:25.557+0000] {logging_mixin.py:190} INFO - 
[model] Total : 2880 fenêtres, dont 44 en crise (1.53 %).
[2026-07-12T00:58:25.563+0000] {logging_mixin.py:190} INFO - [model] => Déséquilibre EXTRÊME. Une baseline 'jamais de crise'
[2026-07-12T00:58:25.565+0000] {logging_mixin.py:190} INFO - [model]    obtiendrait déjà 98.5 % d'accuracy sans rien détecter.
[2026-07-12T00:58:25.566+0000] {logging_mixin.py:190} INFO - 
==============================================================
[2026-07-12T00:58:25.568+0000] {logging_mixin.py:190} INFO - ÉTAPE 2/4 : séparation entraînement / test (par enregistrement)
[2026-07-12T00:58:25.569+0000] {logging_mixin.py:190} INFO - ==============================================================
[2026-07-12T00:58:25.572+0000] {logging_mixin.py:190} INFO - [model] entraînement : ['chb01_03', 'chb01_04', 'chb01_16'] -> 2160 fenêtres (26 crises)
[2026-07-12T00:58:25.575+0000] {logging_mixin.py:190} INFO - [model] test         : chb01_18 -> 720 fenêtres (18 crises)
[2026-07-12T00:58:25.576+0000] {logging_mixin.py:190} INFO - [model] => Le test porte sur un enregistrement JAMAIS vu à l'entraînement.
[2026-07-12T00:58:25.579+0000] {logging_mixin.py:190} INFO - 
==============================================================
[2026-07-12T00:58:25.580+0000] {logging_mixin.py:190} INFO - ÉTAPE 3/4 : entraînement et évaluation
[2026-07-12T00:58:25.582+0000] {logging_mixin.py:190} INFO - ==============================================================
[2026-07-12T00:58:25.584+0000] {logging_mixin.py:190} INFO - 
--- Baseline naïve (répond toujours 'pas de crise') ---
[2026-07-12T00:58:25.587+0000] {logging_mixin.py:190} INFO -   Accuracy            : 97.5%  (⚠️ trompeuse ici !)
[2026-07-12T00:58:25.591+0000] {logging_mixin.py:190} INFO -   Rappel (crises)     : 0.0%  <- LA métrique qui compte
[2026-07-12T00:58:25.594+0000] {logging_mixin.py:190} INFO -   Précision (crises)  : 0.0%
[2026-07-12T00:58:25.598+0000] {logging_mixin.py:190} INFO -   F1 (crises)         : 0.0%
[2026-07-12T00:58:25.600+0000] {logging_mixin.py:190} INFO -   => Accuracy quasi parfaite... mais rappel NUL. Inutile en clinique.
[2026-07-12T00:58:26.229+0000] {logging_mixin.py:190} WARNING - /home/***/.local/lib/python3.11/site-packages/sklearn/ensemble/_base.py:172 UserWarning: Loky-backed parallel loops cannot be called in a multiprocessing, setting n_jobs=1
[2026-07-12T00:58:26.238+0000] {logging_mixin.py:190} INFO - 
--- Random Forest (pondéré) ---
[2026-07-12T00:58:26.241+0000] {logging_mixin.py:190} INFO -   Accuracy            : 97.8%  (⚠️ trompeuse ici !)
[2026-07-12T00:58:26.244+0000] {logging_mixin.py:190} INFO -   Rappel (crises)     : 16.7%  <- LA métrique qui compte
[2026-07-12T00:58:26.247+0000] {logging_mixin.py:190} INFO -   Précision (crises)  : 75.0%
[2026-07-12T00:58:26.250+0000] {logging_mixin.py:190} INFO -   F1 (crises)         : 27.3%
[2026-07-12T00:58:26.253+0000] {logging_mixin.py:190} INFO - 
  Matrice de confusion :
[2026-07-12T00:58:26.254+0000] {logging_mixin.py:190} INFO -                      prédit calme | prédit crise
[2026-07-12T00:58:26.255+0000] {logging_mixin.py:190} INFO -     réel calme     :         701  |         1
[2026-07-12T00:58:26.256+0000] {logging_mixin.py:190} INFO -     réel CRISE     :          15  |         3
[2026-07-12T00:58:26.257+0000] {logging_mixin.py:190} INFO - 
  (Les 'réel crise / prédit calme' sont les crises RATÉES.)
[2026-07-12T00:58:26.258+0000] {logging_mixin.py:190} INFO - 
  Rapport détaillé :
[2026-07-12T00:58:26.264+0000] {logging_mixin.py:190} INFO -               precision    recall  f1-score   support

       calme       0.98      1.00      0.99       702
       crise       0.75      0.17      0.27        18

    accuracy                           0.98       720
   macro avg       0.86      0.58      0.63       720
weighted avg       0.97      0.98      0.97       720
[2026-07-12T00:58:26.265+0000] {logging_mixin.py:190} INFO -   Importance des features :
[2026-07-12T00:58:26.299+0000] {logging_mixin.py:190} INFO -     amplitude_std    : 47.2%
[2026-07-12T00:58:26.301+0000] {logging_mixin.py:190} INFO -     ratio_alpha      : 22.3%
[2026-07-12T00:58:26.302+0000] {logging_mixin.py:190} INFO -     ratio_gamma      : 14.6%
[2026-07-12T00:58:26.303+0000] {logging_mixin.py:190} INFO -     ratio_beta       : 6.5%
[2026-07-12T00:58:26.304+0000] {logging_mixin.py:190} INFO -     ratio_delta      : 5.0%
[2026-07-12T00:58:26.305+0000] {logging_mixin.py:190} INFO -     ratio_theta      : 4.3%
[2026-07-12T00:58:26.403+0000] {logging_mixin.py:190} INFO - 
[model] 💾 modèle sauvegardé : models/eeg_model.joblib
[2026-07-12T00:58:26.405+0000] {logging_mixin.py:190} INFO - 
==============================================================
[2026-07-12T00:58:26.406+0000] {logging_mixin.py:190} INFO - ÉTAPE 4/4 : écriture dans la zone curated
[2026-07-12T00:58:26.407+0000] {logging_mixin.py:190} INFO - ==============================================================
[2026-07-12T00:58:26.412+0000] {logging_mixin.py:190} WARNING - /home/***/.local/lib/python3.11/site-packages/sklearn/ensemble/_base.py:172 UserWarning: Loky-backed parallel loops cannot be called in a multiprocessing, setting n_jobs=1
[2026-07-12T00:58:26.427+0000] {logging_mixin.py:190} WARNING - /home/***/.local/lib/python3.11/site-packages/sklearn/ensemble/_base.py:172 UserWarning: Loky-backed parallel loops cannot be called in a multiprocessing, setting n_jobs=1
[2026-07-12T00:58:26.472+0000] {logging_mixin.py:190} INFO - [postgres] table 'curated_beats' : prête.
[2026-07-12T00:58:29.973+0000] {logging_mixin.py:190} INFO - 
[curated] ✅ 2880 fenêtres EEG écrites dans PostgreSQL.
[2026-07-12T00:58:29.993+0000] {logging_mixin.py:190} INFO - [curated] La base contient maintenant 9202 lignes (ECG + EEG confondus).
[2026-07-12T00:58:29.995+0000] {logging_mixin.py:190} INFO - 
🎉 L'EEG tourne sur la MÊME infrastructure que l'ECG.
[2026-07-12T00:58:29.998+0000] {python.py:240} INFO - Done. Returned value was: None
[2026-07-12T00:58:30.016+0000] {taskinstance.py:341} INFO - ::group::Post task execution logs
[2026-07-12T00:58:30.018+0000] {taskinstance.py:353} INFO - Marking task as SUCCESS. dag_id=pipeline_eeg, task_id=modele_curated, run_id=manual__2026-07-12T00:46:39.693359+00:00, execution_date=20260712T004639, start_date=20260712T005823, end_date=20260712T005830
[2026-07-12T00:58:30.119+0000] {local_task_job_runner.py:266} INFO - Task exited with return code 0
[2026-07-12T00:58:30.144+0000] {taskinstance.py:3901} INFO - 0 downstream tasks scheduled from follow-on schedule check
[2026-07-12T00:58:30.147+0000] {local_task_job_runner.py:245} INFO - ::endgroup::
