[2026-07-12T00:04:32.015+0000] {local_task_job_runner.py:123} INFO - ::group::Pre task execution logs
[2026-07-12T00:04:32.035+0000] {taskinstance.py:2614} INFO - Dependencies all met for dep_context=non-requeueable deps ti=<TaskInstance: pipeline_ecg.ingestion_raw manual__2026-07-12T00:04:30.730202+00:00 [queued]>
[2026-07-12T00:04:32.047+0000] {taskinstance.py:2614} INFO - Dependencies all met for dep_context=requeueable deps ti=<TaskInstance: pipeline_ecg.ingestion_raw manual__2026-07-12T00:04:30.730202+00:00 [queued]>
[2026-07-12T00:04:32.049+0000] {taskinstance.py:2867} INFO - Starting attempt 1 of 3
[2026-07-12T00:04:32.062+0000] {taskinstance.py:2890} INFO - Executing <Task(PythonOperator): ingestion_raw> on 2026-07-12 00:04:30.730202+00:00
[2026-07-12T00:04:32.071+0000] {standard_task_runner.py:72} INFO - Started process 256 to run task
[2026-07-12T00:04:32.074+0000] {standard_task_runner.py:104} INFO - Running: ['***', 'tasks', 'run', 'pipeline_ecg', 'ingestion_raw', 'manual__2026-07-12T00:04:30.730202+00:00', '--job-id', '6', '--raw', '--subdir', 'DAGS_FOLDER/dag_ecg.py', '--cfg-path', '/tmp/tmprguusm8w']
[2026-07-12T00:04:32.077+0000] {standard_task_runner.py:105} INFO - Job 6: Subtask ingestion_raw
[2026-07-12T00:04:32.151+0000] {task_command.py:467} INFO - Running <TaskInstance: pipeline_ecg.ingestion_raw manual__2026-07-12T00:04:30.730202+00:00 [running]> on host 6cdb56b9ae8c
[2026-07-12T00:04:32.251+0000] {taskinstance.py:3134} INFO - Exporting env vars: AIRFLOW_CTX_DAG_OWNER='datalake' AIRFLOW_CTX_DAG_ID='pipeline_ecg' AIRFLOW_CTX_TASK_ID='ingestion_raw' AIRFLOW_CTX_EXECUTION_DATE='2026-07-12T00:04:30.730202+00:00' AIRFLOW_CTX_TRY_NUMBER='1' AIRFLOW_CTX_DAG_RUN_ID='manual__2026-07-12T00:04:30.730202+00:00'
[2026-07-12T00:04:32.252+0000] {taskinstance.py:732} INFO - ::endgroup::
[2026-07-12T00:04:32.961+0000] {logging_mixin.py:190} INFO - [MinIO] bucket 'raw' : déjà présent.
[2026-07-12T00:04:32.965+0000] {logging_mixin.py:190} INFO - [MinIO] bucket 'staging' : déjà présent.
[2026-07-12T00:04:32.967+0000] {logging_mixin.py:190} INFO - [ingest] téléchargement de l'enregistrement '100'...
[2026-07-12T00:04:33.912+0000] {_url.py:258} INFO - GET https://physionet.org/content/mitdb/1.0.0/: 200 0-None/None
[2026-07-12T00:04:34.408+0000] {_url.py:258} INFO - HEAD https://physionet.org/content/mitdb/1.0.0/: 200 0-91142/91142
[2026-07-12T00:04:34.410+0000] {logging_mixin.py:190} INFO - Downloading files...
[2026-07-12T00:04:34.652+0000] {_url.py:258} INFO - GET https://physionet.org/files/mitdb/1.0.0/100.dat: 200 0-1950000/1950000
[2026-07-12T00:04:34.829+0000] {_url.py:258} INFO - GET https://physionet.org/files/mitdb/1.0.0/100.hea: 200 0-143/143
[2026-07-12T00:04:34.955+0000] {_url.py:258} INFO - GET https://physionet.org/files/mitdb/1.0.0/100.atr: 200 0-4558/4558
[2026-07-12T00:04:44.504+0000] {logging_mixin.py:190} INFO - Finished downloading files
[2026-07-12T00:04:44.535+0000] {logging_mixin.py:190} INFO - [MinIO] envoyé : /tmp/tmp3y5jq7jy/100.dat -> raw/ecg/100.dat
[2026-07-12T00:04:44.550+0000] {logging_mixin.py:190} INFO - [MinIO] envoyé : /tmp/tmp3y5jq7jy/100.hea -> raw/ecg/100.hea
[2026-07-12T00:04:44.561+0000] {logging_mixin.py:190} INFO - [MinIO] envoyé : /tmp/tmp3y5jq7jy/100.atr -> raw/ecg/100.atr
[2026-07-12T00:04:44.563+0000] {logging_mixin.py:190} INFO - [ingest] téléchargement de l'enregistrement '101'...
[2026-07-12T00:04:45.167+0000] {_url.py:258} INFO - GET https://physionet.org/content/mitdb/1.0.0/: 200 0-None/None
[2026-07-12T00:04:45.593+0000] {_url.py:258} INFO - HEAD https://physionet.org/content/mitdb/1.0.0/: 200 0-91142/91142
[2026-07-12T00:04:45.596+0000] {logging_mixin.py:190} INFO - Downloading files...
[2026-07-12T00:04:45.708+0000] {_url.py:258} INFO - GET https://physionet.org/files/mitdb/1.0.0/101.hea: 200 0-131/131
[2026-07-12T00:04:45.804+0000] {_url.py:258} INFO - GET https://physionet.org/files/mitdb/1.0.0/101.dat: 200 0-1950000/1950000
[2026-07-12T00:04:45.826+0000] {_url.py:258} INFO - GET https://physionet.org/files/mitdb/1.0.0/101.atr: 200 0-3768/3768
[2026-07-12T00:04:52.787+0000] {logging_mixin.py:190} INFO - Finished downloading files
[2026-07-12T00:04:52.810+0000] {logging_mixin.py:190} INFO - [MinIO] envoyé : /tmp/tmp3y5jq7jy/101.dat -> raw/ecg/101.dat
[2026-07-12T00:04:52.822+0000] {logging_mixin.py:190} INFO - [MinIO] envoyé : /tmp/tmp3y5jq7jy/101.hea -> raw/ecg/101.hea
[2026-07-12T00:04:52.835+0000] {logging_mixin.py:190} INFO - [MinIO] envoyé : /tmp/tmp3y5jq7jy/101.atr -> raw/ecg/101.atr
[2026-07-12T00:04:52.837+0000] {logging_mixin.py:190} INFO - [ingest] téléchargement de l'enregistrement '102'...
[2026-07-12T00:04:53.483+0000] {_url.py:258} INFO - GET https://physionet.org/content/mitdb/1.0.0/: 200 0-None/None
[2026-07-12T00:04:53.976+0000] {_url.py:258} INFO - HEAD https://physionet.org/content/mitdb/1.0.0/: 200 0-91142/91142
[2026-07-12T00:04:53.978+0000] {logging_mixin.py:190} INFO - Downloading files...
[2026-07-12T00:04:54.126+0000] {_url.py:258} INFO - GET https://physionet.org/files/mitdb/1.0.0/102.hea: 200 0-204/204
[2026-07-12T00:04:54.187+0000] {_url.py:258} INFO - GET https://physionet.org/files/mitdb/1.0.0/102.dat: 200 0-1950000/1950000
[2026-07-12T00:04:54.255+0000] {_url.py:258} INFO - GET https://physionet.org/files/mitdb/1.0.0/102.atr: 200 0-4424/4424
[2026-07-12T00:05:00.748+0000] {logging_mixin.py:190} INFO - Finished downloading files
[2026-07-12T00:05:00.773+0000] {logging_mixin.py:190} INFO - [MinIO] envoyé : /tmp/tmp3y5jq7jy/102.dat -> raw/ecg/102.dat
[2026-07-12T00:05:00.784+0000] {logging_mixin.py:190} INFO - [MinIO] envoyé : /tmp/tmp3y5jq7jy/102.hea -> raw/ecg/102.hea
[2026-07-12T00:05:00.795+0000] {logging_mixin.py:190} INFO - [MinIO] envoyé : /tmp/tmp3y5jq7jy/102.atr -> raw/ecg/102.atr
[2026-07-12T00:05:00.796+0000] {logging_mixin.py:190} INFO - 
[ingest] ✅ terminé : 9 fichiers déposés dans 'raw/ecg/'.
[2026-07-12T00:05:00.798+0000] {python.py:240} INFO - Done. Returned value was: None
[2026-07-12T00:05:00.815+0000] {taskinstance.py:341} INFO - ::group::Post task execution logs
[2026-07-12T00:05:00.817+0000] {taskinstance.py:353} INFO - Marking task as SUCCESS. dag_id=pipeline_ecg, task_id=ingestion_raw, run_id=manual__2026-07-12T00:04:30.730202+00:00, execution_date=20260712T000430, start_date=20260712T000432, end_date=20260712T000500
[2026-07-12T00:05:00.893+0000] {local_task_job_runner.py:266} INFO - Task exited with return code 0
[2026-07-12T00:05:00.924+0000] {taskinstance.py:3901} INFO - 1 downstream tasks scheduled from follow-on schedule check
[2026-07-12T00:05:00.927+0000] {local_task_job_runner.py:245} INFO - ::endgroup::
