[2026-07-12T09:40:45.945+0000] {local_task_job_runner.py:123} INFO - ::group::Pre task execution logs
[2026-07-12T09:40:45.971+0000] {taskinstance.py:2614} INFO - Dependencies all met for dep_context=non-requeueable deps ti=<TaskInstance: pipeline_air_quality.transformation_staging scheduled__2026-07-12T01:00:00+00:00 [queued]>
[2026-07-12T09:40:45.986+0000] {taskinstance.py:2614} INFO - Dependencies all met for dep_context=requeueable deps ti=<TaskInstance: pipeline_air_quality.transformation_staging scheduled__2026-07-12T01:00:00+00:00 [queued]>
[2026-07-12T09:40:45.988+0000] {taskinstance.py:2867} INFO - Starting attempt 1 of 4
[2026-07-12T09:40:46.005+0000] {taskinstance.py:2890} INFO - Executing <Task(PythonOperator): transformation_staging> on 2026-07-12 01:00:00+00:00
[2026-07-12T09:40:46.017+0000] {standard_task_runner.py:72} INFO - Started process 255 to run task
[2026-07-12T09:40:46.022+0000] {standard_task_runner.py:104} INFO - Running: ['***', 'tasks', 'run', 'pipeline_air_quality', 'transformation_staging', 'scheduled__2026-07-12T01:00:00+00:00', '--job-id', '23', '--raw', '--subdir', 'DAGS_FOLDER/dag_air.py', '--cfg-path', '/tmp/tmp7dsza0zx']
[2026-07-12T09:40:46.026+0000] {standard_task_runner.py:105} INFO - Job 23: Subtask transformation_staging
[2026-07-12T09:40:46.127+0000] {task_command.py:467} INFO - Running <TaskInstance: pipeline_air_quality.transformation_staging scheduled__2026-07-12T01:00:00+00:00 [running]> on host c6e73bc200f8
[2026-07-12T09:40:46.234+0000] {taskinstance.py:3134} INFO - Exporting env vars: AIRFLOW_CTX_DAG_OWNER='datalake' AIRFLOW_CTX_DAG_ID='pipeline_air_quality' AIRFLOW_CTX_TASK_ID='transformation_staging' AIRFLOW_CTX_EXECUTION_DATE='2026-07-12T01:00:00+00:00' AIRFLOW_CTX_TRY_NUMBER='1' AIRFLOW_CTX_DAG_RUN_ID='scheduled__2026-07-12T01:00:00+00:00'
[2026-07-12T09:40:46.236+0000] {taskinstance.py:732} INFO - ::endgroup::
[2026-07-12T09:40:47.162+0000] {logging_mixin.py:190} INFO - [air] XCom a transmis l'instantané à traiter : 2026-07-12T09-40-45Z
[2026-07-12T09:40:47.164+0000] {logging_mixin.py:190} INFO - [air] traitement de '2026-07-12T09-40-45Z'...
[2026-07-12T09:40:47.178+0000] {logging_mixin.py:190} INFO - [air] 156 capteurs, 50 stations, polluants : co, no, no2, o3, pm1, pm10, pm25, relativehumidity, so2, temperature, um003
[2026-07-12T09:40:47.180+0000] {logging_mixin.py:190} INFO - [air] 156 lignes de features extraites.
[2026-07-12T09:40:47.218+0000] {logging_mixin.py:190} INFO - [MinIO] envoyé : /tmp/tmpj22s77wz/2026-07-12T09-40-45Z.parquet -> staging/air/2026-07-12T09-40-45Z.parquet
[2026-07-12T09:40:47.221+0000] {logging_mixin.py:190} INFO - [air] 156 lignes écrites en staging.
[2026-07-12T09:40:47.222+0000] {python.py:240} INFO - Done. Returned value was: 156
[2026-07-12T09:40:47.254+0000] {taskinstance.py:341} INFO - ::group::Post task execution logs
[2026-07-12T09:40:47.258+0000] {taskinstance.py:353} INFO - Marking task as SUCCESS. dag_id=pipeline_air_quality, task_id=transformation_staging, run_id=scheduled__2026-07-12T01:00:00+00:00, execution_date=20260712T010000, start_date=20260712T094045, end_date=20260712T094047
[2026-07-12T09:40:47.322+0000] {local_task_job_runner.py:266} INFO - Task exited with return code 0
[2026-07-12T09:40:47.346+0000] {taskinstance.py:3901} INFO - 0 downstream tasks scheduled from follow-on schedule check
[2026-07-12T09:40:47.349+0000] {local_task_job_runner.py:245} INFO - ::endgroup::
