[2026-07-12T00:13:08.080+0000] {local_task_job_runner.py:123} INFO - ::group::Pre task execution logs
[2026-07-12T00:13:08.110+0000] {taskinstance.py:2614} INFO - Dependencies all met for dep_context=non-requeueable deps ti=<TaskInstance: pipeline_ecg.modele_curated manual__2026-07-12T00:12:33.410258+00:00 [queued]>
[2026-07-12T00:13:08.122+0000] {taskinstance.py:2614} INFO - Dependencies all met for dep_context=requeueable deps ti=<TaskInstance: pipeline_ecg.modele_curated manual__2026-07-12T00:12:33.410258+00:00 [queued]>
[2026-07-12T00:13:08.124+0000] {taskinstance.py:2867} INFO - Starting attempt 1 of 3
[2026-07-12T00:13:08.139+0000] {taskinstance.py:2890} INFO - Executing <Task(PythonOperator): modele_curated> on 2026-07-12 00:12:33.410258+00:00
[2026-07-12T00:13:08.152+0000] {standard_task_runner.py:72} INFO - Started process 272 to run task
[2026-07-12T00:13:08.158+0000] {standard_task_runner.py:104} INFO - Running: ['***', 'tasks', 'run', 'pipeline_ecg', 'modele_curated', 'manual__2026-07-12T00:12:33.410258+00:00', '--job-id', '14', '--raw', '--subdir', 'DAGS_FOLDER/dag_ecg.py', '--cfg-path', '/tmp/tmp8hru__9_']
[2026-07-12T00:13:08.163+0000] {standard_task_runner.py:105} INFO - Job 14: Subtask modele_curated
[2026-07-12T00:13:08.249+0000] {task_command.py:467} INFO - Running <TaskInstance: pipeline_ecg.modele_curated manual__2026-07-12T00:12:33.410258+00:00 [running]> on host 32319f5b03f4
[2026-07-12T00:13:08.350+0000] {taskinstance.py:3134} INFO - Exporting env vars: AIRFLOW_CTX_DAG_OWNER='datalake' AIRFLOW_CTX_DAG_ID='pipeline_ecg' AIRFLOW_CTX_TASK_ID='modele_curated' AIRFLOW_CTX_EXECUTION_DATE='2026-07-12T00:12:33.410258+00:00' AIRFLOW_CTX_TRY_NUMBER='1' AIRFLOW_CTX_DAG_RUN_ID='manual__2026-07-12T00:12:33.410258+00:00'
[2026-07-12T00:13:08.352+0000] {taskinstance.py:732} INFO - ::endgroup::
[2026-07-12T00:13:09.974+0000] {logging_mixin.py:190} INFO - ============================================================
[2026-07-12T00:13:09.975+0000] {logging_mixin.py:190} INFO - ÉTAPE 1/4 : chargement des features depuis la zone staging
[2026-07-12T00:13:09.976+0000] {logging_mixin.py:190} INFO - ============================================================
[2026-07-12T00:13:10.013+0000] {logging_mixin.py:190} INFO - [model] chargé : ecg/100.parquet (2273 battements)
[2026-07-12T00:13:10.020+0000] {logging_mixin.py:190} INFO - [model] chargé : ecg/101.parquet (1865 battements)
[2026-07-12T00:13:10.026+0000] {logging_mixin.py:190} INFO - [model] chargé : ecg/102.parquet (2187 battements)
[2026-07-12T00:13:10.031+0000] {logging_mixin.py:190} INFO - 
[model] Total : 6322 battements, dont 2126 anormaux (33.6 %).
[2026-07-12T00:13:10.033+0000] {logging_mixin.py:190} INFO - [model] => Les anomalies sont RARES : c'est le déséquilibre de classes.
[2026-07-12T00:13:10.034+0000] {logging_mixin.py:190} INFO - 
============================================================
[2026-07-12T00:13:10.035+0000] {logging_mixin.py:190} INFO - ÉTAPE 2/4 : séparation entraînement / test
[2026-07-12T00:13:10.036+0000] {logging_mixin.py:190} INFO - ============================================================
[2026-07-12T00:13:10.041+0000] {logging_mixin.py:190} INFO - [model] entraînement : 4425 battements
[2026-07-12T00:13:10.042+0000] {logging_mixin.py:190} INFO - [model] test         : 1897 battements (jamais vus par le modèle)
[2026-07-12T00:13:10.044+0000] {logging_mixin.py:190} INFO - 
============================================================
[2026-07-12T00:13:10.045+0000] {logging_mixin.py:190} INFO - ÉTAPE 3/4 : entraînement et évaluation
[2026-07-12T00:13:10.046+0000] {logging_mixin.py:190} INFO - ============================================================
[2026-07-12T00:13:10.054+0000] {logging_mixin.py:190} INFO - 
--- Baseline naïve (répond toujours 'normal') ---
[2026-07-12T00:13:10.055+0000] {logging_mixin.py:190} INFO -   Accuracy            : 66.4%
[2026-07-12T00:13:10.057+0000] {logging_mixin.py:190} INFO -   Rappel (anomalies)  : 0.0%  <- le plus important
[2026-07-12T00:13:10.058+0000] {logging_mixin.py:190} INFO -   Précision(anomalies): 0.0%
[2026-07-12T00:13:10.059+0000] {logging_mixin.py:190} INFO -   F1 (anomalies)      : 0.0%
[2026-07-12T00:13:10.060+0000] {logging_mixin.py:190} INFO -   => Accuracy élevée mais rappel NUL : elle rate TOUTES les anomalies.
[2026-07-12T00:13:10.061+0000] {logging_mixin.py:190} INFO -      C'est exactement le piège à éviter.
[2026-07-12T00:13:10.380+0000] {logging_mixin.py:190} WARNING - /home/***/.local/lib/python3.11/site-packages/sklearn/ensemble/_base.py:172 UserWarning: Loky-backed parallel loops cannot be called in a multiprocessing, setting n_jobs=1
[2026-07-12T00:13:10.400+0000] {logging_mixin.py:190} INFO - 
--- Random Forest (pondéré) ---
[2026-07-12T00:13:10.402+0000] {logging_mixin.py:190} INFO -   Accuracy            : 90.9%
[2026-07-12T00:13:10.403+0000] {logging_mixin.py:190} INFO -   Rappel (anomalies)  : 85.3%  <- le plus important
[2026-07-12T00:13:10.404+0000] {logging_mixin.py:190} INFO -   Précision(anomalies): 87.5%
[2026-07-12T00:13:10.406+0000] {logging_mixin.py:190} INFO -   F1 (anomalies)      : 86.3%
[2026-07-12T00:13:10.408+0000] {logging_mixin.py:190} INFO - 
  Matrice de confusion :
[2026-07-12T00:13:10.409+0000] {logging_mixin.py:190} INFO -                     prédit normal | prédit anormal
[2026-07-12T00:13:10.411+0000] {logging_mixin.py:190} INFO -     réel normal   :        1181    |         78
[2026-07-12T00:13:10.412+0000] {logging_mixin.py:190} INFO -     réel anormal  :          94    |        544
[2026-07-12T00:13:10.413+0000] {logging_mixin.py:190} INFO - 
  (Les 'réel anormal / prédit normal' sont les anomalies RATÉES :
[2026-07-12T00:13:10.414+0000] {logging_mixin.py:190} INFO -    c'est l'erreur la plus grave en médecine.)
[2026-07-12T00:13:10.415+0000] {logging_mixin.py:190} INFO - 
  Rapport détaillé :
[2026-07-12T00:13:10.422+0000] {logging_mixin.py:190} INFO -               precision    recall  f1-score   support

      normal       0.93      0.94      0.93      1259
     anormal       0.87      0.85      0.86       638

    accuracy                           0.91      1897
   macro avg       0.90      0.90      0.90      1897
weighted avg       0.91      0.91      0.91      1897
[2026-07-12T00:13:10.424+0000] {logging_mixin.py:190} INFO -   Importance des features (ce sur quoi le modèle s'appuie) :
[2026-07-12T00:13:10.455+0000] {logging_mixin.py:190} INFO -     amp_range    : 34.1%
[2026-07-12T00:13:10.457+0000] {logging_mixin.py:190} INFO -     amp_max      : 27.3%
[2026-07-12T00:13:10.458+0000] {logging_mixin.py:190} INFO -     rr_prev      : 16.4%
[2026-07-12T00:13:10.459+0000] {logging_mixin.py:190} INFO -     rr_next      : 13.6%
[2026-07-12T00:13:10.460+0000] {logging_mixin.py:190} INFO -     amp_min      : 8.5%
[2026-07-12T00:13:10.524+0000] {logging_mixin.py:190} INFO - 
[model] 💾 modèle sauvegardé : models/ecg_model.joblib
[2026-07-12T00:13:10.525+0000] {logging_mixin.py:190} INFO - 
============================================================
[2026-07-12T00:13:10.526+0000] {logging_mixin.py:190} INFO - ÉTAPE 4/4 : écriture dans la zone curated (PostgreSQL)
[2026-07-12T00:13:10.527+0000] {logging_mixin.py:190} INFO - ============================================================
[2026-07-12T00:13:10.531+0000] {logging_mixin.py:190} WARNING - /home/***/.local/lib/python3.11/site-packages/sklearn/ensemble/_base.py:172 UserWarning: Loky-backed parallel loops cannot be called in a multiprocessing, setting n_jobs=1
[2026-07-12T00:13:10.559+0000] {logging_mixin.py:190} WARNING - /home/***/.local/lib/python3.11/site-packages/sklearn/ensemble/_base.py:172 UserWarning: Loky-backed parallel loops cannot be called in a multiprocessing, setting n_jobs=1
[2026-07-12T00:13:10.597+0000] {logging_mixin.py:190} INFO - [postgres] table 'curated_beats' : prête.
[2026-07-12T00:13:12.089+0000] {logging_mixin.py:190} INFO - 
[curated] ✅ 6322 lignes écrites dans PostgreSQL.
[2026-07-12T00:13:12.102+0000] {logging_mixin.py:190} INFO - [curated] La base contient maintenant 6322 lignes au total.
[2026-07-12T00:13:12.103+0000] {logging_mixin.py:190} INFO - 
🎉 Pipeline COMPLET : raw -> staging -> curated. Bravo !
[2026-07-12T00:13:12.104+0000] {python.py:240} INFO - Done. Returned value was: None
[2026-07-12T00:13:12.116+0000] {taskinstance.py:341} INFO - ::group::Post task execution logs
[2026-07-12T00:13:12.118+0000] {taskinstance.py:353} INFO - Marking task as SUCCESS. dag_id=pipeline_ecg, task_id=modele_curated, run_id=manual__2026-07-12T00:12:33.410258+00:00, execution_date=20260712T001233, start_date=20260712T001308, end_date=20260712T001312
[2026-07-12T00:13:12.189+0000] {local_task_job_runner.py:266} INFO - Task exited with return code 0
[2026-07-12T00:13:12.210+0000] {taskinstance.py:3901} INFO - 0 downstream tasks scheduled from follow-on schedule check
[2026-07-12T00:13:12.212+0000] {local_task_job_runner.py:245} INFO - ::endgroup::
