[2026-07-12T00:46:40.975+0000] {local_task_job_runner.py:123} INFO - ::group::Pre task execution logs
[2026-07-12T00:46:40.997+0000] {taskinstance.py:2614} INFO - Dependencies all met for dep_context=non-requeueable deps ti=<TaskInstance: pipeline_eeg.ingestion_raw manual__2026-07-12T00:46:39.693359+00:00 [queued]>
[2026-07-12T00:46:41.010+0000] {taskinstance.py:2614} INFO - Dependencies all met for dep_context=requeueable deps ti=<TaskInstance: pipeline_eeg.ingestion_raw manual__2026-07-12T00:46:39.693359+00:00 [queued]>
[2026-07-12T00:46:41.012+0000] {taskinstance.py:2867} INFO - Starting attempt 1 of 3
[2026-07-12T00:46:41.026+0000] {taskinstance.py:2890} INFO - Executing <Task(PythonOperator): ingestion_raw> on 2026-07-12 00:46:39.693359+00:00
[2026-07-12T00:46:41.038+0000] {standard_task_runner.py:72} INFO - Started process 280 to run task
[2026-07-12T00:46:41.042+0000] {standard_task_runner.py:104} INFO - Running: ['***', 'tasks', 'run', 'pipeline_eeg', 'ingestion_raw', 'manual__2026-07-12T00:46:39.693359+00:00', '--job-id', '16', '--raw', '--subdir', 'DAGS_FOLDER/dag_eeg.py', '--cfg-path', '/tmp/tmp3osfuxjj']
[2026-07-12T00:46:41.047+0000] {standard_task_runner.py:105} INFO - Job 16: Subtask ingestion_raw
[2026-07-12T00:46:41.125+0000] {task_command.py:467} INFO - Running <TaskInstance: pipeline_eeg.ingestion_raw manual__2026-07-12T00:46:39.693359+00:00 [running]> on host c6e73bc200f8
[2026-07-12T00:46:41.239+0000] {taskinstance.py:3134} INFO - Exporting env vars: AIRFLOW_CTX_DAG_OWNER='datalake' AIRFLOW_CTX_DAG_ID='pipeline_eeg' AIRFLOW_CTX_TASK_ID='ingestion_raw' AIRFLOW_CTX_EXECUTION_DATE='2026-07-12T00:46:39.693359+00:00' AIRFLOW_CTX_TRY_NUMBER='1' AIRFLOW_CTX_DAG_RUN_ID='manual__2026-07-12T00:46:39.693359+00:00'
[2026-07-12T00:46:41.241+0000] {taskinstance.py:732} INFO - ::endgroup::
[2026-07-12T00:46:40.223+0000] {logging_mixin.py:190} INFO - [MinIO] bucket 'raw' : déjà présent.
[2026-07-12T00:46:40.226+0000] {logging_mixin.py:190} INFO - [MinIO] bucket 'staging' : déjà présent.
[2026-07-12T00:46:40.229+0000] {logging_mixin.py:190} INFO - [eeg] téléchargement des annotations (chb01-summary.txt)...
[2026-07-12T00:46:40.690+0000] {logging_mixin.py:190} INFO - [MinIO] envoyé : /tmp/tmpk77j87qs/chb01-summary.txt -> raw/eeg/chb01-summary.txt
[2026-07-12T00:46:40.692+0000] {logging_mixin.py:190} INFO - [eeg] téléchargement de chb01_03.edf (~42 Mo, patience)...
[2026-07-12T00:49:59.130+0000] {logging_mixin.py:190} INFO - [MinIO] envoyé : /tmp/tmpk77j87qs/chb01_03.edf -> raw/eeg/chb01_03.edf
[2026-07-12T00:49:59.132+0000] {logging_mixin.py:190} INFO - [eeg]    -> déposé (40.4 Mo)
[2026-07-12T00:49:59.133+0000] {logging_mixin.py:190} INFO - [eeg] téléchargement de chb01_04.edf (~42 Mo, patience)...
[2026-07-12T00:52:22.337+0000] {job.py:229} INFO - Heartbeat recovered after 10.58 seconds
[2026-07-12T00:52:32.775+0000] {logging_mixin.py:190} INFO - [MinIO] envoyé : /tmp/tmpk77j87qs/chb01_04.edf -> raw/eeg/chb01_04.edf
[2026-07-12T00:52:32.777+0000] {logging_mixin.py:190} INFO - [eeg]    -> déposé (40.4 Mo)
[2026-07-12T00:52:32.778+0000] {logging_mixin.py:190} INFO - [eeg] téléchargement de chb01_16.edf (~42 Mo, patience)...
[2026-07-12T00:52:53.078+0000] {job.py:229} INFO - Heartbeat recovered after 10.59 seconds
[2026-07-12T00:55:20.086+0000] {logging_mixin.py:190} INFO - [MinIO] envoyé : /tmp/tmpk77j87qs/chb01_16.edf -> raw/eeg/chb01_16.edf
[2026-07-12T00:55:20.088+0000] {logging_mixin.py:190} INFO - [eeg]    -> déposé (40.4 Mo)
[2026-07-12T00:55:20.089+0000] {logging_mixin.py:190} INFO - [eeg] téléchargement de chb01_18.edf (~42 Mo, patience)...
[2026-07-12T00:58:10.983+0000] {logging_mixin.py:190} INFO - [MinIO] envoyé : /tmp/tmpk77j87qs/chb01_18.edf -> raw/eeg/chb01_18.edf
[2026-07-12T00:58:10.986+0000] {logging_mixin.py:190} INFO - [eeg]    -> déposé (40.4 Mo)
[2026-07-12T00:58:11.007+0000] {logging_mixin.py:190} INFO - [eeg] ✅ terminé : 4 enregistrements + les annotations dans 'raw/eeg/'.
[2026-07-12T00:58:11.008+0000] {python.py:240} INFO - Done. Returned value was: None
[2026-07-12T00:58:11.023+0000] {taskinstance.py:341} INFO - ::group::Post task execution logs
[2026-07-12T00:58:11.026+0000] {taskinstance.py:353} INFO - Marking task as SUCCESS. dag_id=pipeline_eeg, task_id=ingestion_raw, run_id=manual__2026-07-12T00:46:39.693359+00:00, execution_date=20260712T004639, start_date=20260712T004640, end_date=20260712T005811
[2026-07-12T00:58:11.113+0000] {local_task_job_runner.py:266} INFO - Task exited with return code 0
[2026-07-12T00:58:11.151+0000] {taskinstance.py:3901} INFO - 1 downstream tasks scheduled from follow-on schedule check
[2026-07-12T00:58:11.155+0000] {local_task_job_runner.py:245} INFO - ::endgroup::
